<?xml version="1.0" encoding="UTF-8"?>
<testsuite xmlns:xsi="http://www.w3.org/2001/XMLSchema-instance" xsi:noNamespaceSchemaLocation="https://maven.apache.org/surefire/maven-surefire-plugin/xsd/surefire-test-report.xsd" name="CyCapServer.DemoApplicationTests" time="3.051" tests="1" errors="0" skipped="0" failures="0">
  <properties>
    <property name="sun.desktop" value="windows"/>
    <property name="awt.toolkit" value="sun.awt.windows.WToolkit"/>
    <property name="file.encoding.pkg" value="sun.io"/>
    <property name="java.specification.version" value="1.8"/>
    <property name="sun.cpu.isalist" value="amd64"/>
    <property name="sun.jnu.encoding" value="Cp1252"/>
    <property name="java.class.path" value="C:\Users\Jeremy\workspaceNeon\demo\target\test-classes;C:\Users\Jeremy\workspaceNeon\demo\target\classes;C:\Users\Jeremy\.m2\repository\org\hibernate\hibernate-entitymanager\5.2.13.Final\hibernate-entitymanager-5.2.13.Final.jar;C:\Users\Jeremy\.m2\repository\org\jboss\logging\jboss-logging\3.3.1.Final\jboss-logging-3.3.1.Final.jar;C:\Users\Jeremy\.m2\repository\org\hibernate\hibernate-core\5.2.13.Final\hibernate-core-5.2.13.Final.jar;C:\Users\Jeremy\.m2\repository\antlr\antlr\2.7.7\antlr-2.7.7.jar;C:\Users\Jeremy\.m2\repository\org\jboss\jandex\2.0.3.Final\jandex-2.0.3.Final.jar;C:\Users\Jeremy\.m2\repository\com\fasterxml\classmate\1.3.4\classmate-1.3.4.jar;C:\Users\Jeremy\.m2\repository\dom4j\dom4j\1.6.1\dom4j-1.6.1.jar;C:\Users\Jeremy\.m2\repository\org\hibernate\common\hibernate-commons-annotations\5.0.1.Final\hibernate-commons-annotations-5.0.1.Final.jar;C:\Users\Jeremy\.m2\repository\org\hibernate\javax\persistence\hibernate-jpa-2.1-api\1.0.0.Final\hibernate-jpa-2.1-api-1.0.0.Final.jar;C:\Users\Jeremy\.m2\repository\org\javassist\javassist\3.22.0-GA\javassist-3.22.0-GA.jar;C:\Users\Jeremy\.m2\repository\net\bytebuddy\byte-buddy\1.7.10\byte-buddy-1.7.10.jar;C:\Users\Jeremy\.m2\repository\org\jboss\spec\javax\transaction\jboss-transaction-api_1.2_spec\1.0.1.Final\jboss-transaction-api_1.2_spec-1.0.1.Final.jar;C:\Users\Jeremy\.m2\repository\org\springframework\boot\spring-boot-starter-actuator\2.0.0.BUILD-SNAPSHOT\spring-boot-starter-actuator-2.0.0.BUILD-SNAPSHOT.jar;C:\Users\Jeremy\.m2\repository\org\springframework\boot\spring-boot-starter\2.0.0.BUILD-SNAPSHOT\spring-boot-starter-2.0.0.BUILD-SNAPSHOT.jar;C:\Users\Jeremy\.m2\repository\org\springframework\boot\spring-boot-starter-logging\2.0.0.BUILD-SNAPSHOT\spring-boot-starter-logging-2.0.0.BUILD-SNAPSHOT.jar;C:\Users\Jeremy\.m2\repository\ch\qos\logback\logback-classic\1.2.3\logback-classic-1.2.3.jar;C:\Users\Jeremy\.m2\repository\ch\qos\logback\logback-core\1.2.3\logback-core-1.2.3.jar;C:\Users\Jeremy\.m2\repository\org\apache\logging\log4j\log4j-to-slf4j\2.10.0\log4j-to-slf4j-2.10.0.jar;C:\Users\Jeremy\.m2\repository\org\apache\logging\log4j\log4j-api\2.10.0\log4j-api-2.10.0.jar;C:\Users\Jeremy\.m2\repository\org\slf4j\jul-to-slf4j\1.7.25\jul-to-slf4j-1.7.25.jar;C:\Users\Jeremy\.m2\repository\javax\annotation\javax.annotation-api\1.3.1\javax.annotation-api-1.3.1.jar;C:\Users\Jeremy\.m2\repository\org\yaml\snakeyaml\1.19\snakeyaml-1.19.jar;C:\Users\Jeremy\.m2\repository\org\springframework\boot\spring-boot-actuator-autoconfigure\2.0.0.BUILD-SNAPSHOT\spring-boot-actuator-autoconfigure-2.0.0.BUILD-SNAPSHOT.jar;C:\Users\Jeremy\.m2\repository\org\springframework\boot\spring-boot-actuator\2.0.0.BUILD-SNAPSHOT\spring-boot-actuator-2.0.0.BUILD-SNAPSHOT.jar;C:\Users\Jeremy\.m2\repository\com\fasterxml\jackson\datatype\jackson-datatype-jsr310\2.9.4\jackson-datatype-jsr310-2.9.4.jar;C:\Users\Jeremy\.m2\repository\io\micrometer\micrometer-core\1.0.0-SNAPSHOT\micrometer-core-1.0.0-SNAPSHOT.jar;C:\Users\Jeremy\.m2\repository\org\hdrhistogram\HdrHistogram\2.1.10\HdrHistogram-2.1.10.jar;C:\Users\Jeremy\.m2\repository\org\latencyutils\LatencyUtils\2.0.3\LatencyUtils-2.0.3.jar;C:\Users\Jeremy\.m2\repository\org\springframework\boot\spring-boot-starter-cache\2.0.0.BUILD-SNAPSHOT\spring-boot-starter-cache-2.0.0.BUILD-SNAPSHOT.jar;C:\Users\Jeremy\.m2\repository\org\springframework\spring-context\5.0.4.BUILD-SNAPSHOT\spring-context-5.0.4.BUILD-SNAPSHOT.jar;C:\Users\Jeremy\.m2\repository\org\springframework\spring-aop\5.0.4.BUILD-SNAPSHOT\spring-aop-5.0.4.BUILD-SNAPSHOT.jar;C:\Users\Jeremy\.m2\repository\org\springframework\spring-beans\5.0.4.BUILD-SNAPSHOT\spring-beans-5.0.4.BUILD-SNAPSHOT.jar;C:\Users\Jeremy\.m2\repository\org\springframework\spring-expression\5.0.4.BUILD-SNAPSHOT\spring-expression-5.0.4.BUILD-SNAPSHOT.jar;C:\Users\Jeremy\.m2\repository\org\springframework\spring-context-support\5.0.4.BUILD-SNAPSHOT\spring-context-support-5.0.4.BUILD-SNAPSHOT.jar;C:\Users\Jeremy\.m2\repository\org\springframework\boot\spring-boot-starter-data-jpa\2.0.0.BUILD-SNAPSHOT\spring-boot-starter-data-jpa-2.0.0.BUILD-SNAPSHOT.jar;C:\Users\Jeremy\.m2\repository\org\springframework\boot\spring-boot-starter-aop\2.0.0.BUILD-SNAPSHOT\spring-boot-starter-aop-2.0.0.BUILD-SNAPSHOT.jar;C:\Users\Jeremy\.m2\repository\org\aspectj\aspectjweaver\1.8.13\aspectjweaver-1.8.13.jar;C:\Users\Jeremy\.m2\repository\org\springframework\boot\spring-boot-starter-jdbc\2.0.0.BUILD-SNAPSHOT\spring-boot-starter-jdbc-2.0.0.BUILD-SNAPSHOT.jar;C:\Users\Jeremy\.m2\repository\com\zaxxer\HikariCP\2.7.7\HikariCP-2.7.7.jar;C:\Users\Jeremy\.m2\repository\org\springframework\spring-jdbc\5.0.4.BUILD-SNAPSHOT\spring-jdbc-5.0.4.BUILD-SNAPSHOT.jar;C:\Users\Jeremy\.m2\repository\javax\transaction\javax.transaction-api\1.2\javax.transaction-api-1.2.jar;C:\Users\Jeremy\.m2\repository\org\springframework\data\spring-data-jpa\2.0.4.BUILD-SNAPSHOT\spring-data-jpa-2.0.4.BUILD-SNAPSHOT.jar;C:\Users\Jeremy\.m2\repository\org\springframework\data\spring-data-commons\2.0.4.BUILD-SNAPSHOT\spring-data-commons-2.0.4.BUILD-SNAPSHOT.jar;C:\Users\Jeremy\.m2\repository\org\springframework\spring-orm\5.0.4.BUILD-SNAPSHOT\spring-orm-5.0.4.BUILD-SNAPSHOT.jar;C:\Users\Jeremy\.m2\repository\org\springframework\spring-tx\5.0.4.BUILD-SNAPSHOT\spring-tx-5.0.4.BUILD-SNAPSHOT.jar;C:\Users\Jeremy\.m2\repository\org\springframework\spring-aspects\5.0.4.BUILD-SNAPSHOT\spring-aspects-5.0.4.BUILD-SNAPSHOT.jar;C:\Users\Jeremy\.m2\repository\org\springframework\boot\spring-boot-starter-web\2.0.0.BUILD-SNAPSHOT\spring-boot-starter-web-2.0.0.BUILD-SNAPSHOT.jar;C:\Users\Jeremy\.m2\repository\org\springframework\boot\spring-boot-starter-json\2.0.0.BUILD-SNAPSHOT\spring-boot-starter-json-2.0.0.BUILD-SNAPSHOT.jar;C:\Users\Jeremy\.m2\repository\com\fasterxml\jackson\datatype\jackson-datatype-jdk8\2.9.4\jackson-datatype-jdk8-2.9.4.jar;C:\Users\Jeremy\.m2\repository\com\fasterxml\jackson\module\jackson-module-parameter-names\2.9.4\jackson-module-parameter-names-2.9.4.jar;C:\Users\Jeremy\.m2\repository\org\springframework\boot\spring-boot-starter-tomcat\2.0.0.BUILD-SNAPSHOT\spring-boot-starter-tomcat-2.0.0.BUILD-SNAPSHOT.jar;C:\Users\Jeremy\.m2\repository\org\apache\tomcat\embed\tomcat-embed-core\8.5.28\tomcat-embed-core-8.5.28.jar;C:\Users\Jeremy\.m2\repository\org\apache\tomcat\embed\tomcat-embed-el\8.5.28\tomcat-embed-el-8.5.28.jar;C:\Users\Jeremy\.m2\repository\org\apache\tomcat\embed\tomcat-embed-websocket\8.5.28\tomcat-embed-websocket-8.5.28.jar;C:\Users\Jeremy\.m2\repository\org\hibernate\validator\hibernate-validator\6.0.7.Final\hibernate-validator-6.0.7.Final.jar;C:\Users\Jeremy\.m2\repository\javax\validation\validation-api\2.0.1.Final\validation-api-2.0.1.Final.jar;C:\Users\Jeremy\.m2\repository\org\springframework\spring-web\5.0.4.BUILD-SNAPSHOT\spring-web-5.0.4.BUILD-SNAPSHOT.jar;C:\Users\Jeremy\.m2\repository\org\springframework\spring-webmvc\5.0.4.BUILD-SNAPSHOT\spring-webmvc-5.0.4.BUILD-SNAPSHOT.jar;C:\Users\Jeremy\.m2\repository\org\springframework\boot\spring-boot-starter-thymeleaf\2.0.0.BUILD-SNAPSHOT\spring-boot-starter-thymeleaf-2.0.0.BUILD-SNAPSHOT.jar;C:\Users\Jeremy\.m2\repository\org\thymeleaf\thymeleaf-spring5\3.0.9.RELEASE\thymeleaf-spring5-3.0.9.RELEASE.jar;C:\Users\Jeremy\.m2\repository\org\thymeleaf\thymeleaf\3.0.9.RELEASE\thymeleaf-3.0.9.RELEASE.jar;C:\Users\Jeremy\.m2\repository\org\attoparser\attoparser\2.0.4.RELEASE\attoparser-2.0.4.RELEASE.jar;C:\Users\Jeremy\.m2\repository\org\unbescape\unbescape\1.1.5.RELEASE\unbescape-1.1.5.RELEASE.jar;C:\Users\Jeremy\.m2\repository\org\thymeleaf\extras\thymeleaf-extras-java8time\3.0.1.RELEASE\thymeleaf-extras-java8time-3.0.1.RELEASE.jar;C:\Users\Jeremy\.m2\repository\org\springframework\boot\spring-boot-starter-test\2.0.0.BUILD-SNAPSHOT\spring-boot-starter-test-2.0.0.BUILD-SNAPSHOT.jar;C:\Users\Jeremy\.m2\repository\org\springframework\boot\spring-boot-test\2.0.0.BUILD-SNAPSHOT\spring-boot-test-2.0.0.BUILD-SNAPSHOT.jar;C:\Users\Jeremy\.m2\repository\org\springframework\boot\spring-boot-test-autoconfigure\2.0.0.BUILD-SNAPSHOT\spring-boot-test-autoconfigure-2.0.0.BUILD-SNAPSHOT.jar;C:\Users\Jeremy\.m2\repository\com\jayway\jsonpath\json-path\2.4.0\json-path-2.4.0.jar;C:\Users\Jeremy\.m2\repository\net\minidev\json-smart\2.3\json-smart-2.3.jar;C:\Users\Jeremy\.m2\repository\net\minidev\accessors-smart\1.2\accessors-smart-1.2.jar;C:\Users\Jeremy\.m2\repository\org\ow2\asm\asm\5.0.4\asm-5.0.4.jar;C:\Users\Jeremy\.m2\repository\junit\junit\4.12\junit-4.12.jar;C:\Users\Jeremy\.m2\repository\org\assertj\assertj-core\3.9.0\assertj-core-3.9.0.jar;C:\Users\Jeremy\.m2\repository\org\mockito\mockito-core\2.15.0\mockito-core-2.15.0.jar;C:\Users\Jeremy\.m2\repository\net\bytebuddy\byte-buddy-agent\1.7.10\byte-buddy-agent-1.7.10.jar;C:\Users\Jeremy\.m2\repository\org\objenesis\objenesis\2.6\objenesis-2.6.jar;C:\Users\Jeremy\.m2\repository\org\hamcrest\hamcrest-core\1.3\hamcrest-core-1.3.jar;C:\Users\Jeremy\.m2\repository\org\hamcrest\hamcrest-library\1.3\hamcrest-library-1.3.jar;C:\Users\Jeremy\.m2\repository\org\skyscreamer\jsonassert\1.5.0\jsonassert-1.5.0.jar;C:\Users\Jeremy\.m2\repository\com\vaadin\external\google\android-json\0.0.20131108.vaadin1\android-json-0.0.20131108.vaadin1.jar;C:\Users\Jeremy\.m2\repository\org\springframework\spring-core\5.0.4.BUILD-SNAPSHOT\spring-core-5.0.4.BUILD-SNAPSHOT.jar;C:\Users\Jeremy\.m2\repository\org\springframework\spring-jcl\5.0.4.BUILD-SNAPSHOT\spring-jcl-5.0.4.BUILD-SNAPSHOT.jar;C:\Users\Jeremy\.m2\repository\org\springframework\spring-test\5.0.4.BUILD-SNAPSHOT\spring-test-5.0.4.BUILD-SNAPSHOT.jar;C:\Users\Jeremy\.m2\repository\org\xmlunit\xmlunit-core\2.5.1\xmlunit-core-2.5.1.jar;C:\Users\Jeremy\.m2\repository\org\hsqldb\hsqldb\2.4.0\hsqldb-2.4.0.jar;C:\Users\Jeremy\.m2\repository\mysql\mysql-connector-java\5.1.45\mysql-connector-java-5.1.45.jar;C:\Users\Jeremy\.m2\repository\javax\cache\cache-api\1.1.0\cache-api-1.1.0.jar;C:\Users\Jeremy\.m2\repository\org\ehcache\ehcache\3.4.0\ehcache-3.4.0.jar;C:\Users\Jeremy\.m2\repository\org\slf4j\slf4j-api\1.7.25\slf4j-api-1.7.25.jar;C:\Users\Jeremy\.m2\repository\org\webjars\webjars-locator\0.28\webjars-locator-0.28.jar;C:\Users\Jeremy\.m2\repository\org\webjars\webjars-locator-core\0.35\webjars-locator-core-0.35.jar;C:\Users\Jeremy\.m2\repository\org\apache\commons\commons-compress\1.9\commons-compress-1.9.jar;C:\Users\Jeremy\.m2\repository\com\fasterxml\jackson\core\jackson-core\2.9.4\jackson-core-2.9.4.jar;C:\Users\Jeremy\.m2\repository\com\fasterxml\jackson\core\jackson-databind\2.9.4\jackson-databind-2.9.4.jar;C:\Users\Jeremy\.m2\repository\com\fasterxml\jackson\core\jackson-annotations\2.9.0\jackson-annotations-2.9.0.jar;C:\Users\Jeremy\.m2\repository\org\apache\commons\commons-lang3\3.7\commons-lang3-3.7.jar;C:\Users\Jeremy\.m2\repository\org\webjars\npm\validate.js\0.8.0\validate.js-0.8.0.jar;C:\Users\Jeremy\.m2\repository\org\webjars\jquery\2.2.4\jquery-2.2.4.jar;C:\Users\Jeremy\.m2\repository\org\webjars\jquery-ui\1.11.4\jquery-ui-1.11.4.jar;C:\Users\Jeremy\.m2\repository\org\webjars\bootstrap\3.3.6\bootstrap-3.3.6.jar;C:\Users\Jeremy\.m2\repository\org\springframework\boot\spring-boot-devtools\2.0.0.BUILD-SNAPSHOT\spring-boot-devtools-2.0.0.BUILD-SNAPSHOT.jar;C:\Users\Jeremy\.m2\repository\org\springframework\boot\spring-boot\2.0.0.BUILD-SNAPSHOT\spring-boot-2.0.0.BUILD-SNAPSHOT.jar;C:\Users\Jeremy\.m2\repository\org\springframework\boot\spring-boot-autoconfigure\2.0.0.BUILD-SNAPSHOT\spring-boot-autoconfigure-2.0.0.BUILD-SNAPSHOT.jar;"/>
    <property name="java.vm.vendor" value="Oracle Corporation"/>
    <property name="sun.arch.data.model" value="64"/>
    <property name="user.variant" value=""/>
    <property name="java.vendor.url" value="http://java.oracle.com/"/>
    <property name="user.timezone" value=""/>
    <property name="java.vm.specification.version" value="1.8"/>
    <property name="os.name" value="Windows 10"/>
    <property name="user.country" value="US"/>
    <property name="sun.java.launcher" value="SUN_STANDARD"/>
    <property name="sun.boot.library.path" value="C:\Program Files\Java\jdk1.8.0_121\jre\bin"/>
    <property name="sun.java.command" value="C:\Users\Jeremy\AppData\Local\Temp\surefire3168369198315303370\surefirebooter2150952111417149914.jar C:\Users\Jeremy\AppData\Local\Temp\surefire3168369198315303370 2018-02-19T12-41-18_838-jvmRun1 surefire2357700888897394483tmp surefire_08001619060247697658tmp"/>
    <property name="surefire.test.class.path" value="C:\Users\Jeremy\workspaceNeon\demo\target\test-classes;C:\Users\Jeremy\workspaceNeon\demo\target\classes;C:\Users\Jeremy\.m2\repository\org\hibernate\hibernate-entitymanager\5.2.13.Final\hibernate-entitymanager-5.2.13.Final.jar;C:\Users\Jeremy\.m2\repository\org\jboss\logging\jboss-logging\3.3.1.Final\jboss-logging-3.3.1.Final.jar;C:\Users\Jeremy\.m2\repository\org\hibernate\hibernate-core\5.2.13.Final\hibernate-core-5.2.13.Final.jar;C:\Users\Jeremy\.m2\repository\antlr\antlr\2.7.7\antlr-2.7.7.jar;C:\Users\Jeremy\.m2\repository\org\jboss\jandex\2.0.3.Final\jandex-2.0.3.Final.jar;C:\Users\Jeremy\.m2\repository\com\fasterxml\classmate\1.3.4\classmate-1.3.4.jar;C:\Users\Jeremy\.m2\repository\dom4j\dom4j\1.6.1\dom4j-1.6.1.jar;C:\Users\Jeremy\.m2\repository\org\hibernate\common\hibernate-commons-annotations\5.0.1.Final\hibernate-commons-annotations-5.0.1.Final.jar;C:\Users\Jeremy\.m2\repository\org\hibernate\javax\persistence\hibernate-jpa-2.1-api\1.0.0.Final\hibernate-jpa-2.1-api-1.0.0.Final.jar;C:\Users\Jeremy\.m2\repository\org\javassist\javassist\3.22.0-GA\javassist-3.22.0-GA.jar;C:\Users\Jeremy\.m2\repository\net\bytebuddy\byte-buddy\1.7.10\byte-buddy-1.7.10.jar;C:\Users\Jeremy\.m2\repository\org\jboss\spec\javax\transaction\jboss-transaction-api_1.2_spec\1.0.1.Final\jboss-transaction-api_1.2_spec-1.0.1.Final.jar;C:\Users\Jeremy\.m2\repository\org\springframework\boot\spring-boot-starter-actuator\2.0.0.BUILD-SNAPSHOT\spring-boot-starter-actuator-2.0.0.BUILD-SNAPSHOT.jar;C:\Users\Jeremy\.m2\repository\org\springframework\boot\spring-boot-starter\2.0.0.BUILD-SNAPSHOT\spring-boot-starter-2.0.0.BUILD-SNAPSHOT.jar;C:\Users\Jeremy\.m2\repository\org\springframework\boot\spring-boot-starter-logging\2.0.0.BUILD-SNAPSHOT\spring-boot-starter-logging-2.0.0.BUILD-SNAPSHOT.jar;C:\Users\Jeremy\.m2\repository\ch\qos\logback\logback-classic\1.2.3\logback-classic-1.2.3.jar;C:\Users\Jeremy\.m2\repository\ch\qos\logback\logback-core\1.2.3\logback-core-1.2.3.jar;C:\Users\Jeremy\.m2\repository\org\apache\logging\log4j\log4j-to-slf4j\2.10.0\log4j-to-slf4j-2.10.0.jar;C:\Users\Jeremy\.m2\repository\org\apache\logging\log4j\log4j-api\2.10.0\log4j-api-2.10.0.jar;C:\Users\Jeremy\.m2\repository\org\slf4j\jul-to-slf4j\1.7.25\jul-to-slf4j-1.7.25.jar;C:\Users\Jeremy\.m2\repository\javax\annotation\javax.annotation-api\1.3.1\javax.annotation-api-1.3.1.jar;C:\Users\Jeremy\.m2\repository\org\yaml\snakeyaml\1.19\snakeyaml-1.19.jar;C:\Users\Jeremy\.m2\repository\org\springframework\boot\spring-boot-actuator-autoconfigure\2.0.0.BUILD-SNAPSHOT\spring-boot-actuator-autoconfigure-2.0.0.BUILD-SNAPSHOT.jar;C:\Users\Jeremy\.m2\repository\org\springframework\boot\spring-boot-actuator\2.0.0.BUILD-SNAPSHOT\spring-boot-actuator-2.0.0.BUILD-SNAPSHOT.jar;C:\Users\Jeremy\.m2\repository\com\fasterxml\jackson\datatype\jackson-datatype-jsr310\2.9.4\jackson-datatype-jsr310-2.9.4.jar;C:\Users\Jeremy\.m2\repository\io\micrometer\micrometer-core\1.0.0-SNAPSHOT\micrometer-core-1.0.0-SNAPSHOT.jar;C:\Users\Jeremy\.m2\repository\org\hdrhistogram\HdrHistogram\2.1.10\HdrHistogram-2.1.10.jar;C:\Users\Jeremy\.m2\repository\org\latencyutils\LatencyUtils\2.0.3\LatencyUtils-2.0.3.jar;C:\Users\Jeremy\.m2\repository\org\springframework\boot\spring-boot-starter-cache\2.0.0.BUILD-SNAPSHOT\spring-boot-starter-cache-2.0.0.BUILD-SNAPSHOT.jar;C:\Users\Jeremy\.m2\repository\org\springframework\spring-context\5.0.4.BUILD-SNAPSHOT\spring-context-5.0.4.BUILD-SNAPSHOT.jar;C:\Users\Jeremy\.m2\repository\org\springframework\spring-aop\5.0.4.BUILD-SNAPSHOT\spring-aop-5.0.4.BUILD-SNAPSHOT.jar;C:\Users\Jeremy\.m2\repository\org\springframework\spring-beans\5.0.4.BUILD-SNAPSHOT\spring-beans-5.0.4.BUILD-SNAPSHOT.jar;C:\Users\Jeremy\.m2\repository\org\springframework\spring-expression\5.0.4.BUILD-SNAPSHOT\spring-expression-5.0.4.BUILD-SNAPSHOT.jar;C:\Users\Jeremy\.m2\repository\org\springframework\spring-context-support\5.0.4.BUILD-SNAPSHOT\spring-context-support-5.0.4.BUILD-SNAPSHOT.jar;C:\Users\Jeremy\.m2\repository\org\springframework\boot\spring-boot-starter-data-jpa\2.0.0.BUILD-SNAPSHOT\spring-boot-starter-data-jpa-2.0.0.BUILD-SNAPSHOT.jar;C:\Users\Jeremy\.m2\repository\org\springframework\boot\spring-boot-starter-aop\2.0.0.BUILD-SNAPSHOT\spring-boot-starter-aop-2.0.0.BUILD-SNAPSHOT.jar;C:\Users\Jeremy\.m2\repository\org\aspectj\aspectjweaver\1.8.13\aspectjweaver-1.8.13.jar;C:\Users\Jeremy\.m2\repository\org\springframework\boot\spring-boot-starter-jdbc\2.0.0.BUILD-SNAPSHOT\spring-boot-starter-jdbc-2.0.0.BUILD-SNAPSHOT.jar;C:\Users\Jeremy\.m2\repository\com\zaxxer\HikariCP\2.7.7\HikariCP-2.7.7.jar;C:\Users\Jeremy\.m2\repository\org\springframework\spring-jdbc\5.0.4.BUILD-SNAPSHOT\spring-jdbc-5.0.4.BUILD-SNAPSHOT.jar;C:\Users\Jeremy\.m2\repository\javax\transaction\javax.transaction-api\1.2\javax.transaction-api-1.2.jar;C:\Users\Jeremy\.m2\repository\org\springframework\data\spring-data-jpa\2.0.4.BUILD-SNAPSHOT\spring-data-jpa-2.0.4.BUILD-SNAPSHOT.jar;C:\Users\Jeremy\.m2\repository\org\springframework\data\spring-data-commons\2.0.4.BUILD-SNAPSHOT\spring-data-commons-2.0.4.BUILD-SNAPSHOT.jar;C:\Users\Jeremy\.m2\repository\org\springframework\spring-orm\5.0.4.BUILD-SNAPSHOT\spring-orm-5.0.4.BUILD-SNAPSHOT.jar;C:\Users\Jeremy\.m2\repository\org\springframework\spring-tx\5.0.4.BUILD-SNAPSHOT\spring-tx-5.0.4.BUILD-SNAPSHOT.jar;C:\Users\Jeremy\.m2\repository\org\springframework\spring-aspects\5.0.4.BUILD-SNAPSHOT\spring-aspects-5.0.4.BUILD-SNAPSHOT.jar;C:\Users\Jeremy\.m2\repository\org\springframework\boot\spring-boot-starter-web\2.0.0.BUILD-SNAPSHOT\spring-boot-starter-web-2.0.0.BUILD-SNAPSHOT.jar;C:\Users\Jeremy\.m2\repository\org\springframework\boot\spring-boot-starter-json\2.0.0.BUILD-SNAPSHOT\spring-boot-starter-json-2.0.0.BUILD-SNAPSHOT.jar;C:\Users\Jeremy\.m2\repository\com\fasterxml\jackson\datatype\jackson-datatype-jdk8\2.9.4\jackson-datatype-jdk8-2.9.4.jar;C:\Users\Jeremy\.m2\repository\com\fasterxml\jackson\module\jackson-module-parameter-names\2.9.4\jackson-module-parameter-names-2.9.4.jar;C:\Users\Jeremy\.m2\repository\org\springframework\boot\spring-boot-starter-tomcat\2.0.0.BUILD-SNAPSHOT\spring-boot-starter-tomcat-2.0.0.BUILD-SNAPSHOT.jar;C:\Users\Jeremy\.m2\repository\org\apache\tomcat\embed\tomcat-embed-core\8.5.28\tomcat-embed-core-8.5.28.jar;C:\Users\Jeremy\.m2\repository\org\apache\tomcat\embed\tomcat-embed-el\8.5.28\tomcat-embed-el-8.5.28.jar;C:\Users\Jeremy\.m2\repository\org\apache\tomcat\embed\tomcat-embed-websocket\8.5.28\tomcat-embed-websocket-8.5.28.jar;C:\Users\Jeremy\.m2\repository\org\hibernate\validator\hibernate-validator\6.0.7.Final\hibernate-validator-6.0.7.Final.jar;C:\Users\Jeremy\.m2\repository\javax\validation\validation-api\2.0.1.Final\validation-api-2.0.1.Final.jar;C:\Users\Jeremy\.m2\repository\org\springframework\spring-web\5.0.4.BUILD-SNAPSHOT\spring-web-5.0.4.BUILD-SNAPSHOT.jar;C:\Users\Jeremy\.m2\repository\org\springframework\spring-webmvc\5.0.4.BUILD-SNAPSHOT\spring-webmvc-5.0.4.BUILD-SNAPSHOT.jar;C:\Users\Jeremy\.m2\repository\org\springframework\boot\spring-boot-starter-thymeleaf\2.0.0.BUILD-SNAPSHOT\spring-boot-starter-thymeleaf-2.0.0.BUILD-SNAPSHOT.jar;C:\Users\Jeremy\.m2\repository\org\thymeleaf\thymeleaf-spring5\3.0.9.RELEASE\thymeleaf-spring5-3.0.9.RELEASE.jar;C:\Users\Jeremy\.m2\repository\org\thymeleaf\thymeleaf\3.0.9.RELEASE\thymeleaf-3.0.9.RELEASE.jar;C:\Users\Jeremy\.m2\repository\org\attoparser\attoparser\2.0.4.RELEASE\attoparser-2.0.4.RELEASE.jar;C:\Users\Jeremy\.m2\repository\org\unbescape\unbescape\1.1.5.RELEASE\unbescape-1.1.5.RELEASE.jar;C:\Users\Jeremy\.m2\repository\org\thymeleaf\extras\thymeleaf-extras-java8time\3.0.1.RELEASE\thymeleaf-extras-java8time-3.0.1.RELEASE.jar;C:\Users\Jeremy\.m2\repository\org\springframework\boot\spring-boot-starter-test\2.0.0.BUILD-SNAPSHOT\spring-boot-starter-test-2.0.0.BUILD-SNAPSHOT.jar;C:\Users\Jeremy\.m2\repository\org\springframework\boot\spring-boot-test\2.0.0.BUILD-SNAPSHOT\spring-boot-test-2.0.0.BUILD-SNAPSHOT.jar;C:\Users\Jeremy\.m2\repository\org\springframework\boot\spring-boot-test-autoconfigure\2.0.0.BUILD-SNAPSHOT\spring-boot-test-autoconfigure-2.0.0.BUILD-SNAPSHOT.jar;C:\Users\Jeremy\.m2\repository\com\jayway\jsonpath\json-path\2.4.0\json-path-2.4.0.jar;C:\Users\Jeremy\.m2\repository\net\minidev\json-smart\2.3\json-smart-2.3.jar;C:\Users\Jeremy\.m2\repository\net\minidev\accessors-smart\1.2\accessors-smart-1.2.jar;C:\Users\Jeremy\.m2\repository\org\ow2\asm\asm\5.0.4\asm-5.0.4.jar;C:\Users\Jeremy\.m2\repository\junit\junit\4.12\junit-4.12.jar;C:\Users\Jeremy\.m2\repository\org\assertj\assertj-core\3.9.0\assertj-core-3.9.0.jar;C:\Users\Jeremy\.m2\repository\org\mockito\mockito-core\2.15.0\mockito-core-2.15.0.jar;C:\Users\Jeremy\.m2\repository\net\bytebuddy\byte-buddy-agent\1.7.10\byte-buddy-agent-1.7.10.jar;C:\Users\Jeremy\.m2\repository\org\objenesis\objenesis\2.6\objenesis-2.6.jar;C:\Users\Jeremy\.m2\repository\org\hamcrest\hamcrest-core\1.3\hamcrest-core-1.3.jar;C:\Users\Jeremy\.m2\repository\org\hamcrest\hamcrest-library\1.3\hamcrest-library-1.3.jar;C:\Users\Jeremy\.m2\repository\org\skyscreamer\jsonassert\1.5.0\jsonassert-1.5.0.jar;C:\Users\Jeremy\.m2\repository\com\vaadin\external\google\android-json\0.0.20131108.vaadin1\android-json-0.0.20131108.vaadin1.jar;C:\Users\Jeremy\.m2\repository\org\springframework\spring-core\5.0.4.BUILD-SNAPSHOT\spring-core-5.0.4.BUILD-SNAPSHOT.jar;C:\Users\Jeremy\.m2\repository\org\springframework\spring-jcl\5.0.4.BUILD-SNAPSHOT\spring-jcl-5.0.4.BUILD-SNAPSHOT.jar;C:\Users\Jeremy\.m2\repository\org\springframework\spring-test\5.0.4.BUILD-SNAPSHOT\spring-test-5.0.4.BUILD-SNAPSHOT.jar;C:\Users\Jeremy\.m2\repository\org\xmlunit\xmlunit-core\2.5.1\xmlunit-core-2.5.1.jar;C:\Users\Jeremy\.m2\repository\org\hsqldb\hsqldb\2.4.0\hsqldb-2.4.0.jar;C:\Users\Jeremy\.m2\repository\mysql\mysql-connector-java\5.1.45\mysql-connector-java-5.1.45.jar;C:\Users\Jeremy\.m2\repository\javax\cache\cache-api\1.1.0\cache-api-1.1.0.jar;C:\Users\Jeremy\.m2\repository\org\ehcache\ehcache\3.4.0\ehcache-3.4.0.jar;C:\Users\Jeremy\.m2\repository\org\slf4j\slf4j-api\1.7.25\slf4j-api-1.7.25.jar;C:\Users\Jeremy\.m2\repository\org\webjars\webjars-locator\0.28\webjars-locator-0.28.jar;C:\Users\Jeremy\.m2\repository\org\webjars\webjars-locator-core\0.35\webjars-locator-core-0.35.jar;C:\Users\Jeremy\.m2\repository\org\apache\commons\commons-compress\1.9\commons-compress-1.9.jar;C:\Users\Jeremy\.m2\repository\com\fasterxml\jackson\core\jackson-core\2.9.4\jackson-core-2.9.4.jar;C:\Users\Jeremy\.m2\repository\com\fasterxml\jackson\core\jackson-databind\2.9.4\jackson-databind-2.9.4.jar;C:\Users\Jeremy\.m2\repository\com\fasterxml\jackson\core\jackson-annotations\2.9.0\jackson-annotations-2.9.0.jar;C:\Users\Jeremy\.m2\repository\org\apache\commons\commons-lang3\3.7\commons-lang3-3.7.jar;C:\Users\Jeremy\.m2\repository\org\webjars\npm\validate.js\0.8.0\validate.js-0.8.0.jar;C:\Users\Jeremy\.m2\repository\org\webjars\jquery\2.2.4\jquery-2.2.4.jar;C:\Users\Jeremy\.m2\repository\org\webjars\jquery-ui\1.11.4\jquery-ui-1.11.4.jar;C:\Users\Jeremy\.m2\repository\org\webjars\bootstrap\3.3.6\bootstrap-3.3.6.jar;C:\Users\Jeremy\.m2\repository\org\springframework\boot\spring-boot-devtools\2.0.0.BUILD-SNAPSHOT\spring-boot-devtools-2.0.0.BUILD-SNAPSHOT.jar;C:\Users\Jeremy\.m2\repository\org\springframework\boot\spring-boot\2.0.0.BUILD-SNAPSHOT\spring-boot-2.0.0.BUILD-SNAPSHOT.jar;C:\Users\Jeremy\.m2\repository\org\springframework\boot\spring-boot-autoconfigure\2.0.0.BUILD-SNAPSHOT\spring-boot-autoconfigure-2.0.0.BUILD-SNAPSHOT.jar;"/>
    <property name="sun.cpu.endian" value="little"/>
    <property name="user.home" value="C:\Users\Jeremy"/>
    <property name="user.language" value="en"/>
    <property name="java.specification.vendor" value="Oracle Corporation"/>
    <property name="java.home" value="C:\Program Files\Java\jdk1.8.0_121\jre"/>
    <property name="basedir" value="C:\Users\Jeremy\workspaceNeon\demo"/>
    <property name="file.separator" value="\"/>
    <property name="line.separator" value="&#10;"/>
    <property name="java.vm.specification.vendor" value="Oracle Corporation"/>
    <property name="java.specification.name" value="Java Platform API Specification"/>
    <property name="java.awt.graphicsenv" value="sun.awt.Win32GraphicsEnvironment"/>
    <property name="surefire.real.class.path" value="C:\Users\Jeremy\AppData\Local\Temp\surefire3168369198315303370\surefirebooter2150952111417149914.jar"/>
    <property name="sun.boot.class.path" value="C:\Program Files\Java\jdk1.8.0_121\jre\lib\resources.jar;C:\Program Files\Java\jdk1.8.0_121\jre\lib\rt.jar;C:\Program Files\Java\jdk1.8.0_121\jre\lib\sunrsasign.jar;C:\Program Files\Java\jdk1.8.0_121\jre\lib\jsse.jar;C:\Program Files\Java\jdk1.8.0_121\jre\lib\jce.jar;C:\Program Files\Java\jdk1.8.0_121\jre\lib\charsets.jar;C:\Program Files\Java\jdk1.8.0_121\jre\lib\jfr.jar;C:\Program Files\Java\jdk1.8.0_121\jre\classes"/>
    <property name="user.script" value=""/>
    <property name="sun.management.compiler" value="HotSpot 64-Bit Tiered Compilers"/>
    <property name="java.runtime.version" value="1.8.0_121-b13"/>
    <property name="user.name" value="Jeremy"/>
    <property name="path.separator" value=";"/>
    <property name="os.version" value="10.0"/>
    <property name="java.endorsed.dirs" value="C:\Program Files\Java\jdk1.8.0_121\jre\lib\endorsed"/>
    <property name="java.runtime.name" value="Java(TM) SE Runtime Environment"/>
    <property name="file.encoding" value="Cp1252"/>
    <property name="java.vm.name" value="Java HotSpot(TM) 64-Bit Server VM"/>
    <property name="localRepository" value="C:\Users\Jeremy\.m2\repository"/>
    <property name="java.vendor.url.bug" value="http://bugreport.sun.com/bugreport/"/>
    <property name="java.io.tmpdir" value="C:\Users\Jeremy\AppData\Local\Temp\"/>
    <property name="java.version" value="1.8.0_121"/>
    <property name="user.dir" value="C:\Users\Jeremy\workspaceNeon\demo"/>
    <property name="os.arch" value="amd64"/>
    <property name="java.vm.specification.name" value="Java Virtual Machine Specification"/>
    <property name="java.awt.printerjob" value="sun.awt.windows.WPrinterJob"/>
    <property name="sun.os.patch.level" value=""/>
    <property name="java.library.path" value="C:\Program Files\Java\jdk1.8.0_121\jre\bin;C:\WINDOWS\Sun\Java\bin;C:\WINDOWS\system32;C:\WINDOWS;C:\Users\Jeremy\bin;C:\Program Files\Git\mingw64\bin;C:\Program Files\Git\usr\local\bin;C:\Program Files\Git\usr\bin;C:\Program Files\Git\usr\bin;C:\Program Files\Git\mingw64\bin;C:\Program Files\Git\usr\bin;C:\Users\Jeremy\bin;C:\ProgramData\Oracle\Java\javapath;C:\Program Files (x86)\Intel\iCLS Client;C:\Program Files\Intel\iCLS Client;C:\WINDOWS\system32;C:\WINDOWS;C:\WINDOWS\System32\Wbem;C:\WINDOWS\System32\WindowsPowerShell\v1.0;C:\Program Files (x86)\Intel\Intel(R) Management Engine Components\DAL;C:\Program Files\Intel\Intel(R) Management Engine Components\DAL;C:\Program Files (x86)\Intel\Intel(R) Management Engine Components\IPT;C:\Program Files\Intel\Intel(R) Management Engine Components\IPT;C:\Program Files\MATLAB\R2016b\bin;C:\Program Files\SASHome\SASFoundation\9.4\ets\sasexe;C:\Program Files\SASHome\Secure\ccme4;C:\Program Files\SASHome\x86\Secure\ccme4;C:\Program Files\MiKTeX 2.9\miktex\bin\x64;C:\Program Files\Intel\WiFi\bin;C:\Program Files\Common Files\Intel\WirelessCommon;C:\Program Files\Git\cmd;C:\Program Files\nodejs;C:\Program Files\PuTTY;C:\Program Files\Apache\maven\bin;C:\Program Files\Apache\maven\bin;%JAVA_HOME%\bin;C:\Program Files\Java\jdk1.8.0_121\bin;C:\Users\Jeremy\AppData\Local\Microsoft\WindowsApps;C:\Users\Jeremy\AppData\Roaming\npm;C:\Gradle\gradle-4.4.1\bin;C:\Program Files\Git\usr\bin\vendor_perl;C:\Program Files\Git\usr\bin\core_perl;."/>
    <property name="java.vm.info" value="mixed mode"/>
    <property name="java.vendor" value="Oracle Corporation"/>
    <property name="java.vm.version" value="25.121-b13"/>
    <property name="java.ext.dirs" value="C:\Program Files\Java\jdk1.8.0_121\jre\lib\ext;C:\WINDOWS\Sun\Java\lib\ext"/>
    <property name="sun.io.unicode.encoding" value="UnicodeLittle"/>
    <property name="java.class.version" value="52.0"/>
  </properties>
  <testcase name="contextLoads" classname="CyCapServer.DemoApplicationTests" time="0.109"/>
</testsuite>